 (main) emax is: 40.0000 
 (main) emin is: -100.0000 
 (main) nsteps is: 1 



  **** test function go_zstruct **** 

 nsteps: 1 
 initializing RXNDB at level 1 
 initializing RXNDB at level 1 
 Found ATOMS limit of 50 

 Coordination number limits 
 element  H:  1  2 
 element He:  1  1 
 element  B:  2  4 
 element  C:  1  4 
 element  N:  1  4 
 element  O:  1  3 
 element  F:  0  2 
 element Ne:  1  1 
 element Al:  3  5 
 element Si:  2  4 
 element  P:  3  5 
 element  S:  1  3 
 element Cl:  0  2 
 element Co:  2  5 
 element Ni:  2  6 
 element Cu:  2  5 
 element Pd:  2  6 
 element Ag:  2  5 
 element Pt:  2  6 
 element Au:  2  6 
 saving climits for RXNDB 
 saving climits for RXNDB 
 couldn't find TEMPERATURE file 
 T set to: 298.15 


 MAX_ADD: 2 MAX_BRK: 2 MAX_CHG: 3 
 USE_H_TRANSFER is ON 
 RINGSHUTTLE is 4 
 DO_PAIR_ISOS is ON 
 TM_PAIRS is OFF 

 found file react1.xyz, saved to icr[0] 

 printing internals 
 number of bonds: 10 
 bond  1:  2 to  1: 2.0761 
 bond  2:  3 to  1: 2.0761 
 bond  3:  4 to  1: 2.4287 
 bond  4:  5 to  1: 2.4288 
 bond  5:  6 to  2: 1.0229 
 bond  6:  7 to  2: 1.0199 
 bond  7:  8 to  2: 1.0201 
 bond  8:  9 to  3: 1.0229 
 bond  9: 10 to  3: 1.0201 
 bond 10: 11 to  3: 1.0200 

 atom  1 is  4 coordinate (Pt) 
 atom  2 is  4 coordinate (N) 
 atom  3 is  4 coordinate (N) 
 atom  4 is  1 coordinate (Cl) 
 atom  5 is  1 coordinate (Cl) 
 atom  6 is  1 coordinate (H) 
 atom  7 is  1 coordinate (H) 
 atom  8 is  1 coordinate (H) 
 atom  9 is  1 coordinate (H) 
 atom 10 is  1 coordinate (H) 
 atom 11 is  1 coordinate (H) 

 found file react2.xyz, saved to icr[1] 

 printing internals 
 number of bonds:  4 
 bond  1:  2 to  1: 1.0933 
 bond  2:  3 to  1: 1.0933 
 bond  3:  4 to  1: 1.0933 
 bond  4:  5 to  1: 1.0933 

 atom  1 is  4 coordinate (C) 
 atom  2 is  1 coordinate (H) 
 atom  3 is  1 coordinate (H) 
 atom  4 is  1 coordinate (H) 
 atom  5 is  1 coordinate (H) 

 found file react3.xyz, saved to icr[2] 

 printing internals 
 number of bonds:  2 
 bond  1:  2 to  1: 0.9757 
 bond  2:  3 to  1: 0.9758 

 atom  1 is  2 coordinate (O) 
 atom  2 is  1 coordinate (H) 
 atom  3 is  1 coordinate (H) 


 WARNING: couldn't find SHUTTLES file 
 found 0 shuttles 

 Inactive atoms: 
 reactant  0:  3  5  6  7  8  9 10 11
 reactant  1:  3  4  5
 reactant  2:  2  3


 doing dft opt 
 using Q-Chem 
setting up PBS -t 
7485346[].gollum
 DFT preparing structure for opt  0 1 2


 printing job array numbers for DFT OPT 

 done with  1 done with  2 done with  0
 reading opt'd geoms 
  charges: 0.016 -0.871 -0.871 -0.290 -0.290 0.384 0.385 0.384 0.384 0.384 0.385
  xyz read in from DFT 0  E is -262.297782 
  charges: -0.578 0.145 0.145 0.145 0.145
  xyz read in from DFT 1  E is -40.510652 
  charges: -0.718 0.359 0.359
  xyz read in from DFT 2  E is -76.386110 
 E[0]: -262.298 E[1]: -40.511 E[2]: -76.386

 in read_gsm_data 
 no shuttles, setting wshpair to -1 (niso: 0) 
   in update_wpair_mem, nisop: 0 nisof: 1 wpaira: 0 
 couldn't find GSMDATA file 
 found  0 potential GSM files 



  Starting step #1 

 before create_react_isos 
  reactnum for 0: -1 -1 
  reactnum for 1: -1 -1 
  reactnum for 2: -1 -1 



 --- doing reactant 1 (niso: 0) --- 
  qrc1: 0.02 -0.87 -0.87 -0.29 -0.29 0.38 0.38 0.38 0.38 0.38 0.38

 in create_isos (wsh: -1) 
  in ic_create_tm 
   found TM: 1/Pt 
   no second TM here 
  printing raw TM bonds for first TM 
    1   2 
    1   3 
    1   4 
    1   5 
   printing reconfig TM bonds 
     1   2
     1   3
     1   4
     1   5
   printing reconfig TM bonds 
  coordntm:  4 nbondstm:  4 
  TM coordn after ic_create_tm: 
   Pt:  4 

  # of break combinations: 10 45 total:  55 
  in get_combo_h1: 1/0 
   found  0 isomers,  0 skipped due to R-H-H bonds 
  in get_combo_h1: 2/0 
   found  0 isomers,  0 skipped due to R-H-H bonds 
  breaks found (2): 2-1 4-1
  in get_combo_h1: 0/1 
   found  2 isomers,  0 skipped due to R-H-H bonds 
  in get_combo_h1: 1/1 

 in tm_angle_drive for nadd: 1 nbrks: 1  
  adding:  4  2 
  brking:  2  1 
   angle1: 179.99 angle2: 179.95 angle3: 91.63 angle4: 91.63 angle5: 88.37 angle6: 88.37 
  geomtype is:  1 for TM 1 with coordntm: 4 
  in run_4c_1 for naddtm: 0 nbrktm: 1 
   found (1) angle drivers: 0
   writing input #1                       (niso:    2) 
   found  1 isomers,  0 skipped due to R-H-H bonds 
  in get_combo_h1: 2/1 
   found  0 isomers,  0 skipped due to R-H-H bonds 
  breaks found (1): 4-1 2-1
  in get_combo_h1: 0/2 
   found  1 isomers,  0 skipped due to R-H-H bonds 
  in get_combo_h1: 1/2 

 in tm_angle_drive for nadd: 1 nbrks: 2  
  adding:  4  2 
  brking:  4  1 
  brking:  2  1 
   angle1: 179.99 angle2: 179.95 angle3: 91.63 angle4: 91.63 angle5: 88.37 angle6: 88.37 
  geomtype is:  1 for TM 1 with coordntm: 4 
  in run_4c_1 for naddtm: 0 nbrktm: 2 
   found (1) angle drivers: 0
   writing input #1                       (niso:    4) 
   found  1 isomers,  0 skipped due to R-H-H bonds 
  in get_combo_h1: 2/2 
   connectivity change limit exceeded (4/3) 
   in update_wpair_mem, nisop: 0 nisof: 5 wpaira: 1 
   wsh: -1 start: 0 end: 5 



 --- doing reactant 2 (niso: 5) --- 
  qrc1: -0.58 0.14 0.14 0.14 0.14

 in create_isos (wsh: -1) 
  in ic_create_tm 
   no second TM here 
  printing raw TM bonds for first TM 
   printing reconfig TM bonds 
   printing reconfig TM bonds 
  coordntm:  0 nbondstm:  0 
  # of break combinations:  4  6 total:  10 
  in get_combo_h1: 1/0 
   found  0 isomers,  0 skipped due to R-H-H bonds 
  in get_combo_h1: 2/0 
   found  0 isomers,  0 skipped due to R-H-H bonds 
  breaks found (1): 2-1
  in get_combo_h1: 0/1 
   found  0 isomers,  0 skipped due to R-H-H bonds 
  in get_combo_h1: 1/1 
   found  0 isomers,  0 skipped due to R-H-H bonds 
  in get_combo_h1: 2/1 
   found  0 isomers,  0 skipped due to R-H-H bonds 
  breaks found (0):
  in get_combo_h1: 1/2 
   found  0 isomers,  0 skipped due to R-H-H bonds 
  in get_combo_h1: 2/2 
   connectivity change limit exceeded (4/3) 
   in update_wpair_mem, nisop: 5 nisof: 5 wpaira: 5 
   wsh: -1 start: 5 end: 5 



 --- doing reactant 3 (niso: 5) --- 
  qrc1: -0.72 0.36 0.36

 in create_isos (wsh: -1) 
  in ic_create_tm 
   no second TM here 
  printing raw TM bonds for first TM 
   printing reconfig TM bonds 
   printing reconfig TM bonds 
  coordntm:  0 nbondstm:  0 
  # of break combinations:  2  1 total:   3 
  in get_combo_h1: 1/0 
   found  0 isomers,  0 skipped due to R-H-H bonds 
  in get_combo_h1: 2/0 
   found  0 isomers,  0 skipped due to R-H-H bonds 
  breaks found (0):
  in get_combo_h1: 1/1 
   found  0 isomers,  0 skipped due to R-H-H bonds 
  in get_combo_h1: 2/1 
   found  0 isomers,  0 skipped due to R-H-H bonds 
  breaks found (0):
  in get_combo_h1: 1/2 
   found  0 isomers,  0 skipped due to R-H-H bonds 
  in get_combo_h1: 2/2 
   connectivity change limit exceeded (4/3) 
   wsh: -1 start: 5 end: 5 

 after create_react_isos 
  reactnum for 1: 0 5 
  reactnum for 2: 5 5 
  reactnum for 3: 5 5 


 in create_pairs_isos for 3 reactants (niso:  5) 
   in update_pairs_mem: 9 npairp: 0 

  before creating pairs 

  pair_react[0]: 0 
  pair_react[1]: 1 
  pair_react[2]: 1 


 pair 1 0 is new 
  na1:  5 na2: 11 
  qrc1: -0.58 0.14 0.14 0.14 0.14 0.02 -0.87 -0.87 -0.29 -0.29 0.38 0.38 0.38 0.38 0.38 0.38
 connecting 2 fragments 
 frag bond: 6 1 

 --- reactions involving pair  0 --- 

 in create_isos (wsh: -1) 
  in ic_create_tm 
   found TM: 6/Pt 
   no second TM here 
  printing raw TM bonds for first TM 
    6   7 
    6   8 
    6   9 
    6  10 
   printing reconfig TM bonds 
     6   7
     6   8
     6   9
     6  10
   printing reconfig TM bonds 
  coordntm:  4 nbondstm:  4 
  TM coordn after ic_create_tm: 
   Pt:  4 

  # of break combinations: 14 91 total: 105 
  in get_combo_h1: 1/0 

 in tm_angle_drive for nadd: 1 nbrks: 0  
  adding:  6  2 
   angle1: 179.99 angle2: 179.95 angle3: 91.63 angle4: 91.63 angle5: 88.37 angle6: 88.37 
  geomtype is:  1 for TM 6 with coordntm: 4 
  in run_4c_1 for naddtm: 1 nbrktm: 0 
   printing angular opposites: 7-8 8-7 9-10 10-9 
   found (1) angle drivers: 1
    1:   7  6  2  90.0 
   writing input #1                       (niso:    5) 
   in add_align_v, adding: 6-2
   writing input #2                       (niso:    6) 
   in add_align_v, adding: 6-2
   found  3 isomers,  0 skipped due to R-H-H bonds 
  in get_combo_h1: 2/0 
   found  0 isomers,  0 skipped due to R-H-H bonds 
  breaks found (3): 2-1 7-6 9-6
  in get_combo_h1: 0/1 
   found  0 isomers,  0 skipped due to R-H-H bonds 
  in get_combo_h1: 1/1 

 in tm_angle_drive for nadd: 1 nbrks: 1  
  adding:  6  2 
  brking:  2  1 
   angle1: 179.99 angle2: 179.95 angle3: 91.63 angle4: 91.63 angle5: 88.37 angle6: 88.37 
  geomtype is:  1 for TM 6 with coordntm: 4 
  in run_4c_1 for naddtm: 1 nbrktm: 0 
   printing angular opposites: 7-8 8-7 9-10 10-9 
   found (1) angle drivers: 1
    1:   7  6  2  90.0 
   writing input #1                       (niso:    8) 
   in add_align_v, adding: 6-2
   writing input #2                       (niso:    9) 
   in add_align_v, adding: 6-2

 in tm_angle_drive for nadd: 1 nbrks: 1  
  adding:  6  2 
  brking:  7  6 
   angle1: 179.99 angle2: 179.95 angle3: 91.63 angle4: 91.63 angle5: 88.37 angle6: 88.37 
  geomtype is:  1 for TM 6 with coordntm: 4 
  in run_4c_1 for naddtm: 1 nbrktm: 1 
   printing angular opposites: 7-8 8-7 9-10 10-9 
   found (1) angle drivers: 1
    1:   8  6  2  180.0 
   writing input #1                       (niso:   11) 
   in add_align_v, adding: 6-2
   writing input #2                       (niso:   12) 
   in add_align_v, adding: 6-2

 in tm_angle_drive for nadd: 1 nbrks: 1  
  adding:  7  2 
  brking:  7  6 
   angle1: 179.99 angle2: 179.95 angle3: 91.63 angle4: 91.63 angle5: 88.37 angle6: 88.37 
  geomtype is:  1 for TM 6 with coordntm: 4 
  in run_4c_1 for naddtm: 0 nbrktm: 1 
   found (1) angle drivers: 0
   writing input #1                       (niso:   13) 
   in add_align_v, adding: 7-2
   not using TM-specific vector 

 in tm_angle_drive for nadd: 1 nbrks: 1  
  adding:  9  2 
  brking:  7  6 
   angle1: 179.99 angle2: 179.95 angle3: 91.63 angle4: 91.63 angle5: 88.37 angle6: 88.37 
  geomtype is:  1 for TM 6 with coordntm: 4 
  in run_4c_1 for naddtm: 0 nbrktm: 1 
   found (1) angle drivers: 0
   writing input #1                       (niso:   14) 
   in add_align_v, adding: 9-2
   not using TM-specific vector 

 in tm_angle_drive for nadd: 1 nbrks: 1  
  adding:  6  2 
  brking:  9  6 
   angle1: 179.99 angle2: 179.95 angle3: 91.63 angle4: 91.63 angle5: 88.37 angle6: 88.37 
  geomtype is:  1 for TM 6 with coordntm: 4 
  in run_4c_1 for naddtm: 1 nbrktm: 1 
   printing angular opposites: 7-8 8-7 9-10 10-9 
   found (1) angle drivers: 1
    1:  10  6  2  180.0 
   writing input #1                       (niso:   15) 
   in add_align_v, adding: 6-2
   writing input #2                       (niso:   16) 
   in add_align_v, adding: 6-2

 in tm_angle_drive for nadd: 1 nbrks: 1  
  adding:  9  2 
  brking:  9  6 
   angle1: 179.99 angle2: 179.95 angle3: 91.63 angle4: 91.63 angle5: 88.37 angle6: 88.37 
  geomtype is:  1 for TM 6 with coordntm: 4 
  in run_4c_1 for naddtm: 0 nbrktm: 1 
   found (1) angle drivers: 0
   writing input #1                       (niso:   17) 
   in add_align_v, adding: 9-2
   not using TM-specific vector 
   found 10 isomers,  0 skipped due to R-H-H bonds 
  in get_combo_h1: 2/1 

 in tm_angle_drive for nadd: 2 nbrks: 1  
  adding:  6  2 
  adding:  6  1 
  brking:  2  1 
   angle1: 179.99 angle2: 179.95 angle3: 91.63 angle4: 91.63 angle5: 88.37 angle6: 88.37 
  geomtype is:  1 for TM 6 with coordntm: 4 
  in run_4c_1 for naddtm: 2 nbrktm: 0 
   printing angular opposites: 7-8 8-7 9-10 10-9 
   found (4) angle drivers: 4 4 4 4
    1:   2  6  1  90.0 
    1:   2  6  8  180.0 
    1:   7  6  1  180.0 
    1:   7  6  8  90.0 
    2:   2  6  1  90.0 
    2:   1  6  8  180.0 
    2:   7  6  2  180.0 
    2:   7  6  8  90.0 
    3:   2  6  1  90.0 
    3:   2  6 10  180.0 
    3:   9  6  1  180.0 
    3:   9  6 10  90.0 
    4:   2  6  1  90.0 
    4:   1  6 10  180.0 
    4:   9  6  2  180.0 
    4:   9  6 10  90.0 
   writing input #1                       (niso:   18) 
   in add_align_v, adding: 6-2 6-1
   writing input #2                       (niso:   19) 
   in add_align_v, adding: 6-2 6-1
   writing input #1                       (niso:   20) 
   in add_align_v, adding: 6-2 6-1
   writing input #2                       (niso:   21) 
   in add_align_v, adding: 6-2 6-1
   writing input #1                       (niso:   22) 
   in add_align_v, adding: 6-2 6-1
   writing input #2                       (niso:   23) 
   in add_align_v, adding: 6-2 6-1
   writing input #1                       (niso:   24) 
   in add_align_v, adding: 6-2 6-1
   writing input #2                       (niso:   25) 
   in add_align_v, adding: 6-2 6-1

 in tm_angle_drive for nadd: 2 nbrks: 1  
  adding:  9  1 
  adding:  6  2 
  brking:  2  1 
   angle1: 179.99 angle2: 179.95 angle3: 91.63 angle4: 91.63 angle5: 88.37 angle6: 88.37 
  geomtype is:  1 for TM 6 with coordntm: 4 
  in run_4c_1 for naddtm: 1 nbrktm: 0 
   printing angular opposites: 7-8 8-7 9-10 10-9 
   found (1) angle drivers: 1
    1:   7  6  2  90.0 
   writing input #1                       (niso:   26) 
   in add_align_v, adding: 9-1 6-2
   writing input #2                       (niso:   27) 
   in add_align_v, adding: 9-1 6-2

 in tm_angle_drive for nadd: 2 nbrks: 1  
  adding:  9  2 
  adding:  6  1 
  brking:  2  1 
   angle1: 179.99 angle2: 179.95 angle3: 91.63 angle4: 91.63 angle5: 88.37 angle6: 88.37 
  geomtype is:  1 for TM 6 with coordntm: 4 
  in run_4c_1 for naddtm: 1 nbrktm: 0 
   printing angular opposites: 7-8 8-7 9-10 10-9 
   found (1) angle drivers: 1
    1:   7  6  1  90.0 
   writing input #1                       (niso:   28) 
   in add_align_v, adding: 9-2 6-1
   writing input #2                       (niso:   29) 
   in add_align_v, adding: 9-2 6-1

 in tm_angle_drive for nadd: 2 nbrks: 1  
  adding:  9  2 
  adding:  6  2 
  brking:  2  1 
   angle1: 179.99 angle2: 179.95 angle3: 91.63 angle4: 91.63 angle5: 88.37 angle6: 88.37 
  geomtype is:  1 for TM 6 with coordntm: 4 
  in run_4c_1 for naddtm: 1 nbrktm: 0 
   printing angular opposites: 7-8 8-7 9-10 10-9 
   found (1) angle drivers: 1
    1:   7  6  2  90.0 
   writing input #1                       (niso:   30) 
   in add_align_v, adding: 9-2 6-2
   writing input #2                       (niso:   31) 
   in add_align_v, adding: 9-2 6-2

 in tm_angle_drive for nadd: 2 nbrks: 1  
  adding:  6  2 
  adding:  6  1 
  brking:  7  6 
   angle1: 179.99 angle2: 179.95 angle3: 91.63 angle4: 91.63 angle5: 88.37 angle6: 88.37 
  geomtype is:  1 for TM 6 with coordntm: 4 
  in run_4c_1 for naddtm: 2 nbrktm: 1 
   printing angular opposites: 7-8 8-7 9-10 10-9 
   found (2) angle drivers: 2 2
    1:   2  6  1  90.0 
    1:   2  6  8  180.0 
    2:   2  6  1  90.0 
    2:   1  6  8  180.0 
   writing input #1                       (niso:   32) 
   in add_align_v, adding: 6-2 6-1
   writing input #2                       (niso:   33) 
   in add_align_v, adding: 6-2 6-1
   writing input #1                       (niso:   34) 
   in add_align_v, adding: 6-2 6-1
   writing input #2                       (niso:   35) 
   in add_align_v, adding: 6-2 6-1

 in tm_angle_drive for nadd: 2 nbrks: 1  
  adding:  7  1 
  adding:  6  2 
  brking:  7  6 
   angle1: 179.99 angle2: 179.95 angle3: 91.63 angle4: 91.63 angle5: 88.37 angle6: 88.37 
  geomtype is:  1 for TM 6 with coordntm: 4 
  in run_4c_1 for naddtm: 1 nbrktm: 1 
   printing angular opposites: 7-8 8-7 9-10 10-9 
   found (1) angle drivers: 1
    1:   8  6  2  180.0 
   writing input #1                       (niso:   36) 
   in add_align_v, adding: 7-1 6-2
   writing input #2                       (niso:   37) 
   in add_align_v, adding: 7-1 6-2

 in tm_angle_drive for nadd: 2 nbrks: 1  
  adding:  7  2 
  adding:  6  1 
  brking:  7  6 
   angle1: 179.99 angle2: 179.95 angle3: 91.63 angle4: 91.63 angle5: 88.37 angle6: 88.37 
  geomtype is:  1 for TM 6 with coordntm: 4 
  in run_4c_1 for naddtm: 1 nbrktm: 1 
   printing angular opposites: 7-8 8-7 9-10 10-9 
   found (1) angle drivers: 1
    1:   8  6  1  180.0 
   writing input #1                       (niso:   38) 
   in add_align_v, adding: 7-2 6-1
   writing input #2                       (niso:   39) 
   in add_align_v, adding: 7-2 6-1

 in tm_angle_drive for nadd: 2 nbrks: 1  
  adding:  7  2 
  adding:  6  2 
  brking:  7  6 
   angle1: 179.99 angle2: 179.95 angle3: 91.63 angle4: 91.63 angle5: 88.37 angle6: 88.37 
  geomtype is:  1 for TM 6 with coordntm: 4 
  in run_4c_1 for naddtm: 1 nbrktm: 1 
   printing angular opposites: 7-8 8-7 9-10 10-9 
   found (1) angle drivers: 1
    1:   8  6  2  180.0 
   writing input #1                       (niso:   40) 
   in add_align_v, adding: 7-2 6-2
   writing input #2                       (niso:   41) 
   in add_align_v, adding: 7-2 6-2

 in tm_angle_drive for nadd: 2 nbrks: 1  
  adding:  9  1 
  adding:  6  2 
  brking:  7  6 
   angle1: 179.99 angle2: 179.95 angle3: 91.63 angle4: 91.63 angle5: 88.37 angle6: 88.37 
  geomtype is:  1 for TM 6 with coordntm: 4 
  in run_4c_1 for naddtm: 1 nbrktm: 1 
   printing angular opposites: 7-8 8-7 9-10 10-9 
   found (1) angle drivers: 1
    1:   8  6  2  180.0 
   writing input #1                       (niso:   42) 
   in add_align_v, adding: 9-1 6-2
   writing input #2                       (niso:   43) 
   in add_align_v, adding: 9-1 6-2

 in tm_angle_drive for nadd: 2 nbrks: 1  
  adding:  9  1 
  adding:  7  2 
  brking:  7  6 
   angle1: 179.99 angle2: 179.95 angle3: 91.63 angle4: 91.63 angle5: 88.37 angle6: 88.37 
  geomtype is:  1 for TM 6 with coordntm: 4 
  in run_4c_1 for naddtm: 0 nbrktm: 1 
   found (1) angle drivers: 0
   writing input #1                       (niso:   44) 
   in add_align_v, adding: 9-1 7-2
   not using TM-specific vector 

 in tm_angle_drive for nadd: 2 nbrks: 1  
  adding:  9  2 
  adding:  6  1 
  brking:  7  6 
   angle1: 179.99 angle2: 179.95 angle3: 91.63 angle4: 91.63 angle5: 88.37 angle6: 88.37 
  geomtype is:  1 for TM 6 with coordntm: 4 
  in run_4c_1 for naddtm: 1 nbrktm: 1 
   printing angular opposites: 7-8 8-7 9-10 10-9 
   found (1) angle drivers: 1
    1:   8  6  1  180.0 
   writing input #1                       (niso:   45) 
   in add_align_v, adding: 9-2 6-1
   writing input #2                       (niso:   46) 
   in add_align_v, adding: 9-2 6-1

 in tm_angle_drive for nadd: 2 nbrks: 1  
  adding:  9  2 
  adding:  6  2 
  brking:  7  6 
   angle1: 179.99 angle2: 179.95 angle3: 91.63 angle4: 91.63 angle5: 88.37 angle6: 88.37 
  geomtype is:  1 for TM 6 with coordntm: 4 
  in run_4c_1 for naddtm: 1 nbrktm: 1 
   printing angular opposites: 7-8 8-7 9-10 10-9 
   found (1) angle drivers: 1
    1:   8  6  2  180.0 
   writing input #1                       (niso:   47) 
   in add_align_v, adding: 9-2 6-2
   writing input #2                       (niso:   48) 
   in add_align_v, adding: 9-2 6-2

 in tm_angle_drive for nadd: 2 nbrks: 1  
  adding:  9  2 
  adding:  7  1 
  brking:  7  6 
   angle1: 179.99 angle2: 179.95 angle3: 91.63 angle4: 91.63 angle5: 88.37 angle6: 88.37 
  geomtype is:  1 for TM 6 with coordntm: 4 
  in run_4c_1 for naddtm: 0 nbrktm: 1 
   found (1) angle drivers: 0
   writing input #1                       (niso:   49) 
   in add_align_v, adding: 9-2 7-1
   not using TM-specific vector 

 in tm_angle_drive for nadd: 2 nbrks: 1  
  adding:  9  2 
  adding:  7  2 
  brking:  7  6 
   angle1: 179.99 angle2: 179.95 angle3: 91.63 angle4: 91.63 angle5: 88.37 angle6: 88.37 
  geomtype is:  1 for TM 6 with coordntm: 4 
  in run_4c_1 for naddtm: 0 nbrktm: 1 
   found (1) angle drivers: 0
   writing input #1                       (niso:   50) 
   in add_align_v, adding: 9-2 7-2
   not using TM-specific vector 

 in tm_angle_drive for nadd: 2 nbrks: 1  
  adding:  9  7 
  adding:  6  2 
  brking:  7  6 
   angle1: 179.99 angle2: 179.95 angle3: 91.63 angle4: 91.63 angle5: 88.37 angle6: 88.37 
  geomtype is:  1 for TM 6 with coordntm: 4 
  in run_4c_1 for naddtm: 1 nbrktm: 1 
   printing angular opposites: 7-8 8-7 9-10 10-9 
   found (1) angle drivers: 1
    1:   8  6  2  180.0 
   writing input #1                       (niso:   51) 
   in add_align_v, adding: 9-7 6-2
   writing input #2                       (niso:   52) 
   in add_align_v, adding: 9-7 6-2

 in tm_angle_drive for nadd: 2 nbrks: 1  
  adding:  6  2 
  adding:  6  1 
  brking:  9  6 
   angle1: 179.99 angle2: 179.95 angle3: 91.63 angle4: 91.63 angle5: 88.37 angle6: 88.37 
  geomtype is:  1 for TM 6 with coordntm: 4 
  in run_4c_1 for naddtm: 2 nbrktm: 1 
   printing angular opposites: 7-8 8-7 9-10 10-9 
   found (2) angle drivers: 2 2
    1:   2  6  1  90.0 
    1:   2  6 10  180.0 
    2:   2  6  1  90.0 
    2:   1  6 10  180.0 
   writing input #1                       (niso:   53) 
   in add_align_v, adding: 6-2 6-1
   writing input #2                       (niso:   54) 
   in add_align_v, adding: 6-2 6-1
   writing input #1                       (niso:   55) 
   in add_align_v, adding: 6-2 6-1
   writing input #2                       (niso:   56) 
   in add_align_v, adding: 6-2 6-1

 in tm_angle_drive for nadd: 2 nbrks: 1  
  adding:  9  1 
  adding:  6  2 
  brking:  9  6 
   angle1: 179.99 angle2: 179.95 angle3: 91.63 angle4: 91.63 angle5: 88.37 angle6: 88.37 
  geomtype is:  1 for TM 6 with coordntm: 4 
  in run_4c_1 for naddtm: 1 nbrktm: 1 
   printing angular opposites: 7-8 8-7 9-10 10-9 
   found (1) angle drivers: 1
    1:  10  6  2  180.0 
   writing input #1                       (niso:   57) 
   in add_align_v, adding: 9-1 6-2
   writing input #2                       (niso:   58) 
   in add_align_v, adding: 9-1 6-2

 in tm_angle_drive for nadd: 2 nbrks: 1  
  adding:  9  2 
  adding:  6  1 
  brking:  9  6 
   angle1: 179.99 angle2: 179.95 angle3: 91.63 angle4: 91.63 angle5: 88.37 angle6: 88.37 
  geomtype is:  1 for TM 6 with coordntm: 4 
  in run_4c_1 for naddtm: 1 nbrktm: 1 
   printing angular opposites: 7-8 8-7 9-10 10-9 
   found (1) angle drivers: 1
    1:  10  6  1  180.0 
   writing input #1                       (niso:   59) 
   in add_align_v, adding: 9-2 6-1
   writing input #2                       (niso:   60) 
   in add_align_v, adding: 9-2 6-1

 in tm_angle_drive for nadd: 2 nbrks: 1  
  adding:  9  2 
  adding:  6  2 
  brking:  9  6 
   angle1: 179.99 angle2: 179.95 angle3: 91.63 angle4: 91.63 angle5: 88.37 angle6: 88.37 
  geomtype is:  1 for TM 6 with coordntm: 4 
  in run_4c_1 for naddtm: 1 nbrktm: 1 
   printing angular opposites: 7-8 8-7 9-10 10-9 
   found (1) angle drivers: 1
    1:  10  6  2  180.0 
   writing input #1                       (niso:   61) 
   in add_align_v, adding: 9-2 6-2
   writing input #2                       (niso:   62) 
   in add_align_v, adding: 9-2 6-2

 in tm_angle_drive for nadd: 2 nbrks: 1  
  adding:  9  2 
  adding:  9  1 
  brking:  9  6 
   angle1: 179.99 angle2: 179.95 angle3: 91.63 angle4: 91.63 angle5: 88.37 angle6: 88.37 
  geomtype is:  1 for TM 6 with coordntm: 4 
  in run_4c_1 for naddtm: 0 nbrktm: 1 
   found (1) angle drivers: 0
   writing input #1                       (niso:   63) 
   in add_align_v, adding: 9-2 9-1
   not using TM-specific vector 
   found 46 isomers,  0 skipped due to R-H-H bonds 
  breaks found (3): 7-6 2-1 9-6 2-1 9-6 7-6
  in get_combo_h1: 0/2 
   found  0 isomers,  0 skipped due to R-H-H bonds 
  in get_combo_h1: 1/2 

 in tm_angle_drive for nadd: 1 nbrks: 2  
  adding:  6  2 
  brking:  7  6 
  brking:  2  1 
   angle1: 179.99 angle2: 179.95 angle3: 91.63 angle4: 91.63 angle5: 88.37 angle6: 88.37 
  geomtype is:  1 for TM 6 with coordntm: 4 
  in run_4c_1 for naddtm: 1 nbrktm: 1 
   printing angular opposites: 7-8 8-7 9-10 10-9 
   found (1) angle drivers: 1
    1:   8  6  2  180.0 
   writing input #1                       (niso:   64) 
   in add_align_v, adding: 6-2
   writing input #2                       (niso:   65) 
   in add_align_v, adding: 6-2

 in tm_angle_drive for nadd: 1 nbrks: 2  
  adding:  7  2 
  brking:  7  6 
  brking:  2  1 
   angle1: 179.99 angle2: 179.95 angle3: 91.63 angle4: 91.63 angle5: 88.37 angle6: 88.37 
  geomtype is:  1 for TM 6 with coordntm: 4 
  in run_4c_1 for naddtm: 0 nbrktm: 1 
   found (1) angle drivers: 0
   writing input #1                       (niso:   66) 
   in add_align_v, adding: 7-2
   not using TM-specific vector 

 in tm_angle_drive for nadd: 1 nbrks: 2  
  adding:  9  2 
  brking:  7  6 
  brking:  2  1 
   angle1: 179.99 angle2: 179.95 angle3: 91.63 angle4: 91.63 angle5: 88.37 angle6: 88.37 
  geomtype is:  1 for TM 6 with coordntm: 4 
  in run_4c_1 for naddtm: 0 nbrktm: 1 
   found (1) angle drivers: 0
   writing input #1                       (niso:   67) 
   in add_align_v, adding: 9-2
   not using TM-specific vector 

 in tm_angle_drive for nadd: 1 nbrks: 2  
  adding:  6  2 
  brking:  9  6 
  brking:  2  1 
   angle1: 179.99 angle2: 179.95 angle3: 91.63 angle4: 91.63 angle5: 88.37 angle6: 88.37 
  geomtype is:  1 for TM 6 with coordntm: 4 
  in run_4c_1 for naddtm: 1 nbrktm: 1 
   printing angular opposites: 7-8 8-7 9-10 10-9 
   found (1) angle drivers: 1
    1:  10  6  2  180.0 
   writing input #1                       (niso:   68) 
   in add_align_v, adding: 6-2
   writing input #2                       (niso:   69) 
   in add_align_v, adding: 6-2

 in tm_angle_drive for nadd: 1 nbrks: 2  
  adding:  9  2 
  brking:  9  6 
  brking:  2  1 
   angle1: 179.99 angle2: 179.95 angle3: 91.63 angle4: 91.63 angle5: 88.37 angle6: 88.37 
  geomtype is:  1 for TM 6 with coordntm: 4 
  in run_4c_1 for naddtm: 0 nbrktm: 1 
   found (1) angle drivers: 0
   writing input #1                       (niso:   70) 
   in add_align_v, adding: 9-2
   not using TM-specific vector 

 in tm_angle_drive for nadd: 1 nbrks: 2  
  adding:  6  2 
  brking:  9  6 
  brking:  7  6 
   angle1: 179.99 angle2: 179.95 angle3: 91.63 angle4: 91.63 angle5: 88.37 angle6: 88.37 
  geomtype is:  1 for TM 6 with coordntm: 4 
  in run_4c_1 for naddtm: 1 nbrktm: 2 
   unbroken: 8 10 
   found (2) angle drivers: 1 1
    1:   2  6  8  180.0 
    2:   2  6 10  180.0 
   writing input #1                       (niso:   71) 
   in add_align_v, adding: 6-2
   writing input #2                       (niso:   72) 
   in add_align_v, adding: 6-2
   writing input #1                       (niso:   73) 
   in add_align_v, adding: 6-2
   writing input #2                       (niso:   74) 
   in add_align_v, adding: 6-2

 in tm_angle_drive for nadd: 1 nbrks: 2  
  adding:  7  2 
  brking:  9  6 
  brking:  7  6 
   angle1: 179.99 angle2: 179.95 angle3: 91.63 angle4: 91.63 angle5: 88.37 angle6: 88.37 
  geomtype is:  1 for TM 6 with coordntm: 4 
  in run_4c_1 for naddtm: 0 nbrktm: 2 
   found (1) angle drivers: 0
   writing input #1                       (niso:   75) 
   in add_align_v, adding: 7-2
   not using TM-specific vector 

 in tm_angle_drive for nadd: 1 nbrks: 2  
  adding:  9  2 
  brking:  9  6 
  brking:  7  6 
   angle1: 179.99 angle2: 179.95 angle3: 91.63 angle4: 91.63 angle5: 88.37 angle6: 88.37 
  geomtype is:  1 for TM 6 with coordntm: 4 
  in run_4c_1 for naddtm: 0 nbrktm: 2 
   found (1) angle drivers: 0
   writing input #1                       (niso:   76) 
   in add_align_v, adding: 9-2
   not using TM-specific vector 
   found 13 isomers,  0 skipped due to R-H-H bonds 
  in get_combo_h1: 2/2 
   connectivity change limit exceeded (4/3) 
 after create_isos, wsh: -1 nisof: 72 

 --- done with (72) reactions involving pair  0 --- 

   in update_wpair_mem, nisop: 5 nisof: 72 wpaira: 10 
 nisop+nisoftot:  77 niso:  77 
   wsh: -1 start: 5 end: 77 


 pair 1 1 is new 
  na1:  5 na2:  5 
  qrc1: -0.58 0.14 0.14 0.14 0.14 -0.58 0.14 0.14 0.14 0.14
 connecting 2 fragments 
 frag bond: 6 1 

 --- reactions involving pair  1 --- 

 in create_isos (wsh: -1) 
  in ic_create_tm 
   no second TM here 
  printing raw TM bonds for first TM 
   printing reconfig TM bonds 
   printing reconfig TM bonds 
  coordntm:  0 nbondstm:  0 
  # of break combinations:  8 28 total:  36 
  in get_combo_h1: 1/0 
   found  0 isomers,  1 skipped due to R-H-H bonds 
  in get_combo_h1: 2/0 
   found  0 isomers,  0 skipped due to R-H-H bonds 
  breaks found (2): 2-1 7-6
  in get_combo_h1: 0/1 
   found  0 isomers,  0 skipped due to R-H-H bonds 
  in get_combo_h1: 1/1 
   found  0 isomers,  2 skipped due to R-H-H bonds 
  in get_combo_h1: 2/1 
   found  1 isomers,  6 skipped due to R-H-H bonds 
  breaks found (1): 7-6 2-1
  in get_combo_h1: 0/2 
   found  0 isomers,  0 skipped due to R-H-H bonds 
  in get_combo_h1: 1/2 
   found  1 isomers,  0 skipped due to R-H-H bonds 
  in get_combo_h1: 2/2 
   connectivity change limit exceeded (4/3) 
 after create_isos, wsh: -1 nisof: 2 

 --- done with (74) reactions involving pair  1 --- 

   in update_wpair_mem, nisop: 77 nisof: 74 wpaira: 77 
 nisop+nisoftot: 151 niso:  79 
   wsh: -1 start: 77 end: 79 


 pair 2 0 is new 
  na1:  3 na2: 11 
  qrc1: -0.72 0.36 0.36 0.02 -0.87 -0.87 -0.29 -0.29 0.38 0.38 0.38 0.38 0.38 0.38
 connecting 2 fragments 
 frag bond: 4 1 

 --- reactions involving pair  2 --- 

 in create_isos (wsh: -1) 
  in ic_create_tm 
   found TM: 4/Pt 
   no second TM here 
  printing raw TM bonds for first TM 
    4   5 
    4   6 
    4   7 
    4   8 
   printing reconfig TM bonds 
     4   5
     4   6
     4   7
     4   8
   printing reconfig TM bonds 
  coordntm:  4 nbondstm:  4 
  TM coordn after ic_create_tm: 
   Pt:  4 

  # of break combinations: 12 66 total:  78 
  in get_combo_h1: 1/0 

 in tm_angle_drive for nadd: 1 nbrks: 0  
  adding:  4  1 
   angle1: 179.99 angle2: 179.95 angle3: 91.63 angle4: 91.63 angle5: 88.37 angle6: 88.37 
  geomtype is:  1 for TM 4 with coordntm: 4 
  in run_4c_1 for naddtm: 1 nbrktm: 0 
   printing angular opposites: 5-6 6-5 7-8 8-7 
   found (1) angle drivers: 1
    1:   5  4  1  90.0 
   writing input #1                       (niso:   79) 
   in add_align_v, adding: 4-1
   writing input #2                       (niso:   80) 
   in add_align_v, adding: 4-1
   found  3 isomers,  0 skipped due to R-H-H bonds 
  in get_combo_h1: 2/0 
   found  0 isomers,  0 skipped due to R-H-H bonds 
  breaks found (2): 5-4 7-4
  in get_combo_h1: 0/1 
   found  0 isomers,  0 skipped due to R-H-H bonds 
  in get_combo_h1: 1/1 

 in tm_angle_drive for nadd: 1 nbrks: 1  
  adding:  4  1 
  brking:  5  4 
   angle1: 179.99 angle2: 179.95 angle3: 91.63 angle4: 91.63 angle5: 88.37 angle6: 88.37 
  geomtype is:  1 for TM 4 with coordntm: 4 
  in run_4c_1 for naddtm: 1 nbrktm: 1 
   printing angular opposites: 5-6 6-5 7-8 8-7 
   found (1) angle drivers: 1
    1:   6  4  1  180.0 
   writing input #1                       (niso:   82) 
   in add_align_v, adding: 4-1
   writing input #2                       (niso:   83) 
   in add_align_v, adding: 4-1

 in tm_angle_drive for nadd: 1 nbrks: 1  
  adding:  5  1 
  brking:  5  4 
   angle1: 179.99 angle2: 179.95 angle3: 91.63 angle4: 91.63 angle5: 88.37 angle6: 88.37 
  geomtype is:  1 for TM 4 with coordntm: 4 
  in run_4c_1 for naddtm: 0 nbrktm: 1 
   found (1) angle drivers: 0
   writing input #1                       (niso:   84) 
   in add_align_v, adding: 5-1
   not using TM-specific vector 

 in tm_angle_drive for nadd: 1 nbrks: 1  
  adding:  7  1 
  brking:  5  4 
   angle1: 179.99 angle2: 179.95 angle3: 91.63 angle4: 91.63 angle5: 88.37 angle6: 88.37 
  geomtype is:  1 for TM 4 with coordntm: 4 
  in run_4c_1 for naddtm: 0 nbrktm: 1 
   found (1) angle drivers: 0
   writing input #1                       (niso:   85) 
   in add_align_v, adding: 7-1
   not using TM-specific vector 

 in tm_angle_drive for nadd: 1 nbrks: 1  
  adding:  4  1 
  brking:  7  4 
   angle1: 179.99 angle2: 179.95 angle3: 91.63 angle4: 91.63 angle5: 88.37 angle6: 88.37 
  geomtype is:  1 for TM 4 with coordntm: 4 
  in run_4c_1 for naddtm: 1 nbrktm: 1 
   printing angular opposites: 5-6 6-5 7-8 8-7 
   found (1) angle drivers: 1
    1:   8  4  1  180.0 
   writing input #1                       (niso:   86) 
   in add_align_v, adding: 4-1
   writing input #2                       (niso:   87) 
   in add_align_v, adding: 4-1

 in tm_angle_drive for nadd: 1 nbrks: 1  
  adding:  7  1 
  brking:  7  4 
   angle1: 179.99 angle2: 179.95 angle3: 91.63 angle4: 91.63 angle5: 88.37 angle6: 88.37 
  geomtype is:  1 for TM 4 with coordntm: 4 
  in run_4c_1 for naddtm: 0 nbrktm: 1 
   found (1) angle drivers: 0
   writing input #1                       (niso:   88) 
   in add_align_v, adding: 7-1
   not using TM-specific vector 
   found  7 isomers,  0 skipped due to R-H-H bonds 
  in get_combo_h1: 2/1 

 in tm_angle_drive for nadd: 2 nbrks: 1  
  adding:  7  5 
  adding:  4  1 
  brking:  5  4 
   angle1: 179.99 angle2: 179.95 angle3: 91.63 angle4: 91.63 angle5: 88.37 angle6: 88.37 
  geomtype is:  1 for TM 4 with coordntm: 4 
  in run_4c_1 for naddtm: 1 nbrktm: 1 
   printing angular opposites: 5-6 6-5 7-8 8-7 
   found (1) angle drivers: 1
    1:   6  4  1  180.0 
   writing input #1                       (niso:   89) 
   in add_align_v, adding: 7-5 4-1
   writing input #2                       (niso:   90) 
   in add_align_v, adding: 7-5 4-1
   found  2 isomers,  0 skipped due to R-H-H bonds 
  breaks found (1): 7-4 5-4
  in get_combo_h1: 0/2 
   found  0 isomers,  0 skipped due to R-H-H bonds 
  in get_combo_h1: 1/2 

 in tm_angle_drive for nadd: 1 nbrks: 2  
  adding:  4  1 
  brking:  7  4 
  brking:  5  4 
   angle1: 179.99 angle2: 179.95 angle3: 91.63 angle4: 91.63 angle5: 88.37 angle6: 88.37 
  geomtype is:  1 for TM 4 with coordntm: 4 
  in run_4c_1 for naddtm: 1 nbrktm: 2 
   unbroken: 6 8 
   found (2) angle drivers: 1 1
    1:   1  4  6  180.0 
    2:   1  4  8  180.0 
   writing input #1                       (niso:   91) 
   in add_align_v, adding: 4-1
   writing input #2                       (niso:   92) 
   in add_align_v, adding: 4-1
   writing input #1                       (niso:   93) 
   in add_align_v, adding: 4-1
   writing input #2                       (niso:   94) 
   in add_align_v, adding: 4-1

 in tm_angle_drive for nadd: 1 nbrks: 2  
  adding:  5  1 
  brking:  7  4 
  brking:  5  4 
   angle1: 179.99 angle2: 179.95 angle3: 91.63 angle4: 91.63 angle5: 88.37 angle6: 88.37 
  geomtype is:  1 for TM 4 with coordntm: 4 
  in run_4c_1 for naddtm: 0 nbrktm: 2 
   found (1) angle drivers: 0
   writing input #1                       (niso:   95) 
   in add_align_v, adding: 5-1
   not using TM-specific vector 

 in tm_angle_drive for nadd: 1 nbrks: 2  
  adding:  7  1 
  brking:  7  4 
  brking:  5  4 
   angle1: 179.99 angle2: 179.95 angle3: 91.63 angle4: 91.63 angle5: 88.37 angle6: 88.37 
  geomtype is:  1 for TM 4 with coordntm: 4 
  in run_4c_1 for naddtm: 0 nbrktm: 2 
   found (1) angle drivers: 0
   writing input #1                       (niso:   96) 
   in add_align_v, adding: 7-1
   not using TM-specific vector 
   found  6 isomers,  0 skipped due to R-H-H bonds 
  in get_combo_h1: 2/2 
   connectivity change limit exceeded (4/3) 
 after create_isos, wsh: -1 nisof: 18 

 --- done with (92) reactions involving pair  2 --- 

   in update_wpair_mem, nisop: 79 nisof: 92 wpaira: 151 
 nisop+nisoftot: 171 niso:  97 
   wsh: -1 start: 79 end: 97 


 pair 2 1 is new 
  na1:  3 na2:  5 
  qrc1: -0.72 0.36 0.36 -0.58 0.14 0.14 0.14 0.14
 connecting 2 fragments 
 frag bond: 4 1 

 --- reactions involving pair  3 --- 

 in create_isos (wsh: -1) 
  in ic_create_tm 
   no second TM here 
  printing raw TM bonds for first TM 
   printing reconfig TM bonds 
   printing reconfig TM bonds 
  coordntm:  0 nbondstm:  0 
  # of break combinations:  6 15 total:  21 
  in get_combo_h1: 1/0 
   found  1 isomers,  0 skipped due to R-H-H bonds 
  in get_combo_h1: 2/0 
   found  0 isomers,  0 skipped due to R-H-H bonds 
  breaks found (1): 5-4
  in get_combo_h1: 0/1 
   found  0 isomers,  0 skipped due to R-H-H bonds 
  in get_combo_h1: 1/1 
   found  1 isomers,  0 skipped due to R-H-H bonds 
  in get_combo_h1: 2/1 
   found  0 isomers,  0 skipped due to R-H-H bonds 
  breaks found (0):
  in get_combo_h1: 1/2 
   found  1 isomers,  0 skipped due to R-H-H bonds 
  in get_combo_h1: 2/2 
   connectivity change limit exceeded (4/3) 
 after create_isos, wsh: -1 nisof: 3 

 --- done with (95) reactions involving pair  3 --- 

   in update_wpair_mem, nisop: 97 nisof: 95 wpaira: 171 
 nisop+nisoftot: 192 niso: 100 
   wsh: -1 start: 97 end: 100 


 pair 2 2 is new 
  na1:  3 na2:  3 
  qrc1: -0.72 0.36 0.36 -0.72 0.36 0.36
 connecting 2 fragments 
 frag bond: 4 1 

 --- reactions involving pair  4 --- 

 in create_isos (wsh: -1) 
  in ic_create_tm 
   no second TM here 
  printing raw TM bonds for first TM 
   printing reconfig TM bonds 
   printing reconfig TM bonds 
  coordntm:  0 nbondstm:  0 
  # of break combinations:  4  6 total:  10 
  in get_combo_h1: 1/0 
   found  1 isomers,  0 skipped due to R-H-H bonds 
  in get_combo_h1: 2/0 
   found  0 isomers,  0 skipped due to R-H-H bonds 
  breaks found (0):
  in get_combo_h1: 1/1 
   found  1 isomers,  0 skipped due to R-H-H bonds 
  in get_combo_h1: 2/1 
   found  0 isomers,  0 skipped due to R-H-H bonds 
  breaks found (0):
  in get_combo_h1: 1/2 
   found  1 isomers,  0 skipped due to R-H-H bonds 
  in get_combo_h1: 2/2 
   connectivity change limit exceeded (4/3) 
 after create_isos, wsh: -1 nisof: 3 

 --- done with (98) reactions involving pair  4 --- 

   in update_wpair_mem, nisop: 100 nisof: 98 wpaira: 192 
 nisop+nisoftot: 198 niso: 103 
   wsh: -1 start: 100 end: 103 

  after creating pairs 
   pair (0): 1 0 range: 5 77 
   pair (1): 1 1 range: 77 79 
   pair (2): 2 0 range: 79 97 
   pair (3): 2 1 range: 97 100 
   pair (4): 2 2 range: 100 103 


 found 103 total isomers, 103 new 

 doing dft opt 
 using Q-Chem 
 DFT preparing structure for opt  0 1 2
 done with  0 done with  1 done with  2
 not submitting, already done! 
 reading opt'd geoms 
  charges: 0.016 -0.871 -0.871 -0.290 -0.290 0.384 0.385 0.384 0.384 0.384 0.385
  xyz read in from DFT 0  E is -262.297782 
  charges: -0.578 0.145 0.145 0.145 0.145
  xyz read in from DFT 1  E is -40.510652 
  charges: -0.718 0.359 0.359
  xyz read in from DFT 2  E is -76.386110 
 E[0]: -262.298 E[1]: -40.511 E[2]: -76.386

 in gsm_para 
 gsm_para range: 0-102 

 done list: